sfml-graphics-s-d.lib(Shape.obj) : warning LNK4099: PDB '' was not found with 'sfml-graphics-s-d.lib(Shape.obj)' or at ''; linking object as if no debug info
sfml-graphics-s-d.lib(CircleShape.obj) : warning LNK4099: PDB '' was not found with 'sfml-graphics-s-d.lib(CircleShape.obj)' or at ''; linking object as if no debug info
sfml-graphics-s-d.lib(RenderTarget.obj) : warning LNK4099: PDB '' was not found with 'sfml-graphics-s-d.lib(RenderTarget.obj)' or at ''; linking object as if no debug info
sfml-graphics-s-d.lib(RenderWindow.obj) : warning LNK4099: PDB '' was not found with 'sfml-graphics-s-d.lib(RenderWindow.obj)' or at ''; linking object as if no debug info
sfml-graphics-s-d.lib(RenderStates.obj) : warning LNK4099: PDB '' was not found with 'sfml-graphics-s-d.lib(RenderStates.obj)' or at ''; linking object as if no debug info
sfml-graphics-s-d.lib(Transformable.obj) : warning LNK4099: PDB '' was not found with 'sfml-graphics-s-d.lib(Transformable.obj)' or at ''; linking object as if no debug info
sfml-graphics-s-d.lib(VertexArray.obj) : warning LNK4099: PDB '' was not found with 'sfml-graphics-s-d.lib(VertexArray.obj)' or at ''; linking object as if no debug info
sfml-graphics-s-d.lib(Texture.obj) : warning LNK4099: PDB '' was not found with 'sfml-graphics-s-d.lib(Texture.obj)' or at ''; linking object as if no debug info
sfml-graphics-s-d.lib(GLExtensions.obj) : warning LNK4099: PDB '' was not found with 'sfml-graphics-s-d.lib(GLExtensions.obj)' or at ''; linking object as if no debug info
sfml-graphics-s-d.lib(GLCheck.obj) : warning LNK4099: PDB '' was not found with 'sfml-graphics-s-d.lib(GLCheck.obj)' or at ''; linking object as if no debug info
sfml-graphics-s-d.lib(BlendMode.obj) : warning LNK4099: PDB '' was not found with 'sfml-graphics-s-d.lib(BlendMode.obj)' or at ''; linking object as if no debug info
sfml-graphics-s-d.lib(StencilMode.obj) : warning LNK4099: PDB '' was not found with 'sfml-graphics-s-d.lib(StencilMode.obj)' or at ''; linking object as if no debug info
sfml-graphics-s-d.lib(View.obj) : warning LNK4099: PDB '' was not found with 'sfml-graphics-s-d.lib(View.obj)' or at ''; linking object as if no debug info
sfml-graphics-s-d.lib(Shader.obj) : warning LNK4099: PDB '' was not found with 'sfml-graphics-s-d.lib(Shader.obj)' or at ''; linking object as if no debug info
sfml-graphics-s-d.lib(VertexBuffer.obj) : warning LNK4099: PDB '' was not found with 'sfml-graphics-s-d.lib(VertexBuffer.obj)' or at ''; linking object as if no debug info
sfml-graphics-s-d.lib(Image.obj) : warning LNK4099: PDB '' was not found with 'sfml-graphics-s-d.lib(Image.obj)' or at ''; linking object as if no debug info
sfml-graphics-s-d.lib(RenderTextureImplFBO.obj) : warning LNK4099: PDB '' was not found with 'sfml-graphics-s-d.lib(RenderTextureImplFBO.obj)' or at ''; linking object as if no debug info
sfml-graphics-s-d.lib(TextureSaver.obj) : warning LNK4099: PDB '' was not found with 'sfml-graphics-s-d.lib(TextureSaver.obj)' or at ''; linking object as if no debug info
sfml-graphics-s-d.lib(Glsl.obj) : warning LNK4099: PDB '' was not found with 'sfml-graphics-s-d.lib(Glsl.obj)' or at ''; linking object as if no debug info
sfml-window-s-d.lib(VideoMode.obj) : warning LNK4099: PDB '' was not found with 'sfml-window-s-d.lib(VideoMode.obj)' or at ''; linking object as if no debug info
sfml-window-s-d.lib(WindowBase.obj) : warning LNK4099: PDB '' was not found with 'sfml-window-s-d.lib(WindowBase.obj)' or at ''; linking object as if no debug info
sfml-window-s-d.lib(Window.obj) : warning LNK4099: PDB '' was not found with 'sfml-window-s-d.lib(Window.obj)' or at ''; linking object as if no debug info
sfml-window-s-d.lib(Context.obj) : warning LNK4099: PDB '' was not found with 'sfml-window-s-d.lib(Context.obj)' or at ''; linking object as if no debug info
sfml-window-s-d.lib(GlResource.obj) : warning LNK4099: PDB '' was not found with 'sfml-window-s-d.lib(GlResource.obj)' or at ''; linking object as if no debug info
sfml-window-s-d.lib(VideoModeImpl.obj) : warning LNK4099: PDB '' was not found with 'sfml-window-s-d.lib(VideoModeImpl.obj)' or at ''; linking object as if no debug info
sfml-window-s-d.lib(Cursor.obj) : warning LNK4099: PDB '' was not found with 'sfml-window-s-d.lib(Cursor.obj)' or at ''; linking object as if no debug info
sfml-window-s-d.lib(WindowImpl.obj) : warning LNK4099: PDB '' was not found with 'sfml-window-s-d.lib(WindowImpl.obj)' or at ''; linking object as if no debug info
sfml-window-s-d.lib(GlContext.obj) : warning LNK4099: PDB '' was not found with 'sfml-window-s-d.lib(GlContext.obj)' or at ''; linking object as if no debug info
sfml-window-s-d.lib(CursorImpl.obj) : warning LNK4099: PDB '' was not found with 'sfml-window-s-d.lib(CursorImpl.obj)' or at ''; linking object as if no debug info
sfml-window-s-d.lib(JoystickManager.obj) : warning LNK4099: PDB '' was not found with 'sfml-window-s-d.lib(JoystickManager.obj)' or at ''; linking object as if no debug info
sfml-window-s-d.lib(SensorManager.obj) : warning LNK4099: PDB '' was not found with 'sfml-window-s-d.lib(SensorManager.obj)' or at ''; linking object as if no debug info
sfml-window-s-d.lib(WindowImplWin32.obj) : warning LNK4099: PDB '' was not found with 'sfml-window-s-d.lib(WindowImplWin32.obj)' or at ''; linking object as if no debug info
sfml-window-s-d.lib(VulkanImplWin32.obj) : warning LNK4099: PDB '' was not found with 'sfml-window-s-d.lib(VulkanImplWin32.obj)' or at ''; linking object as if no debug info
sfml-window-s-d.lib(WglContext.obj) : warning LNK4099: PDB '' was not found with 'sfml-window-s-d.lib(WglContext.obj)' or at ''; linking object as if no debug info
sfml-window-s-d.lib(JoystickImpl.obj) : warning LNK4099: PDB '' was not found with 'sfml-window-s-d.lib(JoystickImpl.obj)' or at ''; linking object as if no debug info
sfml-window-s-d.lib(SensorImpl.obj) : warning LNK4099: PDB '' was not found with 'sfml-window-s-d.lib(SensorImpl.obj)' or at ''; linking object as if no debug info
sfml-system-s-d.lib(String.obj) : warning LNK4099: PDB '' was not found with 'sfml-system-s-d.lib(String.obj)' or at ''; linking object as if no debug info
sfml-system-s-d.lib(Vector2.obj) : warning LNK4099: PDB '' was not found with 'sfml-system-s-d.lib(Vector2.obj)' or at ''; linking object as if no debug info
sfml-system-s-d.lib(Err.obj) : warning LNK4099: PDB '' was not found with 'sfml-system-s-d.lib(Err.obj)' or at ''; linking object as if no debug info
sfml-system-s-d.lib(Utils.obj) : warning LNK4099: PDB '' was not found with 'sfml-system-s-d.lib(Utils.obj)' or at ''; linking object as if no debug info
sfml-system-s-d.lib(Clock.obj) : warning LNK4099: PDB '' was not found with 'sfml-system-s-d.lib(Clock.obj)' or at ''; linking object as if no debug info
sfml-system-s-d.lib(Sleep.obj) : warning LNK4099: PDB '' was not found with 'sfml-system-s-d.lib(Sleep.obj)' or at ''; linking object as if no debug info
sfml-system-s-d.lib(SleepImpl.obj) : warning LNK4099: PDB '' was not found with 'sfml-system-s-d.lib(SleepImpl.obj)' or at ''; linking object as if no debug info
  parallel universe.vcxproj -> D:\C++ Projects\GDPARCM\parallel universe\x64\Debug\parallel universe.exe
